‚ùØ Building...
‚úî Building...
Initial chunk files                                                                                                        | Names                                                                                                                   |  Raw size
chunk-NFO3WEAE.js                                                                                                          | -                                                                                                                       |   2.25 MB | 
chunk-F5SCMLVY.js                                                                                                          | -                                                                                                                       |   1.02 MB | 
polyfills.js                                                                                                               | polyfills                                                                                                               |   1.02 MB | 
chunk-DIZAPMEH.js                                                                                                          | -                                                                                                                       | 289.81 kB | 
chunk-OQC6UCAQ.js                                                                                                          | -                                                                                                                       | 239.76 kB | 
chunk-YGI4KSJT.js                                                                                                          | -                                                                                                                       | 229.14 kB | 
chunk-LXXTVOMB.js                                                                                                          | -                                                                                                                       | 220.68 kB | 
chunk-J22DYFYJ.js                                                                                                          | -                                                                                                                       | 148.37 kB | 
chunk-4CHMRZVY.js                                                                                                          | -                                                                                                                       | 144.26 kB | 
chunk-KATQZJNP.js                                                                                                          | -                                                                                                                       | 123.27 kB | 
spec-app-features-portfolios-portfolio-details-portfolio-details.component.spec.js                                         | spec-app-features-portfolios-portfolio-details-portfolio-details.component.spec                                         | 118.63 kB | 
chunk-7SUEOFOT.js                                                                                                          | -                                                                                                                       |  93.94 kB | 
chunk-NH7WR3C5.js                                                                                                          | -                                                                                                                       |  87.87 kB | 
chunk-PUQ7IRQL.js                                                                                                          | -                                                                                                                       |  85.58 kB | 
spec-app-features-portfolios-portfolio-fees-portfolio-fees.component.spec.js                                               | spec-app-features-portfolios-portfolio-fees-portfolio-fees.component.spec                                               |  85.32 kB | 
chunk-6VUBTISM.js                                                                                                          | -                                                                                                                       |  83.90 kB | 
spec-app-features-portfolios-portfolio-list.component.spec.js                                                              | spec-app-features-portfolios-portfolio-list.component.spec                                                              |  68.81 kB | 
jasmine-cleanup-1.js                                                                                                       | jasmine-cleanup-1                                                                                                       |  67.20 kB | 
chunk-R6JJDGHJ.js                                                                                                          | -                                                                                                                       |  66.55 kB | 
spec-app-features-holdings-holdings-list-holdings-list.component.spec.js                                                   | spec-app-features-holdings-holdings-list-holdings-list.component.spec                                                   |  59.89 kB | 
chunk-2G2LMJBT.js                                                                                                          | -                                                                                                                       |  59.52 kB | 
chunk-TQKA6C5P.js                                                                                                          | -                                                                                                                       |  55.09 kB | 
chunk-YVNFAQMJ.js                                                                                                          | -                                                                                                                       |  42.90 kB | 
chunk-YZOJPY4P.js                                                                                                          | -                                                                                                                       |  42.06 kB | 
chunk-MYLOR2FZ.js                                                                                                          | -                                                                                                                       |  40.52 kB | 
chunk-SBWHV45K.js                                                                                                          | -                                                                                                                       |  36.47 kB | 
spec-app-features-portfolios-portfolio-create-portfolio-create.component.spec.js                                           | spec-app-features-portfolios-portfolio-create-portfolio-create.component.spec                                           |  33.88 kB | 
chunk-JTGMVX4V.js                                                                                                          | -                                                                                                                       |  29.60 kB | 
chunk-4ZUZEJJC.js                                                                                                          | -                                                                                                                       |  25.76 kB | 
spec-app-features-transactions-transactions-list-transactions-list.component.spec.js                                       | spec-app-features-transactions-transactions-list-transactions-list.component.spec                                       |  22.77 kB | 
chunk-MDZHPFTW.js                                                                                                          | -                                                                                                                       |  22.59 kB | 
chunk-3SJLDKDO.js                                                                                                          | -                                                                                                                       |  22.04 kB | 
chunk-ATOQQLCG.js                                                                                                          | -                                                                                                                       |  20.76 kB | 
chunk-OEH3SI2Z.js                                                                                                          | -                                                                                                                       |  20.45 kB | 
spec-app-features-portfolios-portfolio-details-add-user-to-portfolio-dialog-add-user-to-portfolio-dialog.component.spec.js | spec-app-features-portfolios-portfolio-details-add-user-to-portfolio-dialog-add-user-to-portfolio-dialog.component.spec |  16.78 kB | 
spec-app-features-transactions-transactions-page-transactions-page.component.spec.js                                       | spec-app-features-transactions-transactions-page-transactions-page.component.spec                                       |  12.40 kB | 
spec-app-features-portfolios-portfolio-fees-create-portfolio-fee-dialog-create-portfolio-fee-dialog.component.spec.js      | spec-app-features-portfolios-portfolio-fees-create-portfolio-fee-dialog-create-portfolio-fee-dialog.component.spec      |  12.36 kB | 
chunk-BEYDU5VQ.js                                                                                                          | -                                                                                                                       |  12.26 kB | 
spec-app-core-services-transaction.service.spec.js                                                                         | spec-app-core-services-transaction.service.spec                                                                         |  11.14 kB | 
spec-app-features-holdings-buy-shares-dialog-buy-shares-dialog.component.spec.js                                           | spec-app-features-holdings-buy-shares-dialog-buy-shares-dialog.component.spec                                           |  10.92 kB | 
chunk-RQCFIW5H.js                                                                                                          | -                                                                                                                       |   9.73 kB | 
chunk-Z76R54ID.js                                                                                                          | -                                                                                                                       |   9.66 kB | 
spec-app-features-portfolios-portfolio-details-withdraw-user-dialog-withdraw-user-dialog.component.spec.js                 | spec-app-features-portfolios-portfolio-details-withdraw-user-dialog-withdraw-user-dialog.component.spec                 |   8.36 kB | 
spec-app-shared-components-stock-search-stock-search.component.spec.js                                                     | spec-app-shared-components-stock-search-stock-search.component.spec                                                     |   6.89 kB | 
spec-app-core-services-stock.service.spec.js                                                                               | spec-app-core-services-stock.service.spec                                                                               |   6.56 kB | 
spec-app-core-models-portfolio.model.spec.js                                                                               | spec-app-core-models-portfolio.model.spec                                                                               |   6.22 kB | 
chunk-MHCDFT7P.js                                                                                                          | -                                                                                                                       |   5.63 kB | 
chunk-HCMVKHGL.js                                                                                                          | -                                                                                                                       |   4.99 kB | 
chunk-BK3KNBHH.js                                                                                                          | -                                                                                                                       |   4.87 kB | 
test_main.js                                                                                                               | test_main                                                                                                               |   4.32 kB | 
chunk-DXACSZIX.js                                                                                                          | -                                                                                                                       |   3.45 kB | 
styles.css                                                                                                                 | styles                                                                                                                  |   2.66 kB | 
chunk-V6FC2DIM.js                                                                                                          | -                                                                                                                       |   2.42 kB | 
chunk-YAA24FX6.js                                                                                                          | -                                                                                                                       |   2.19 kB | 
chunk-Z5GJGIZX.js                                                                                                          | -                                                                                                                       |   2.13 kB | 
spec-app-app.spec.js                                                                                                       | spec-app-app.spec                                                                                                       |   2.04 kB | 
chunk-HVKOENXM.js                                                                                                          | -                                                                                                                       |   1.96 kB | 
jasmine-cleanup-0.js                                                                                                       | jasmine-cleanup-0                                                                                                       | 519 bytes | 

                                                                                                                           | Initial total                                                                                                           |   7.14 MB

Application bundle generation complete. [3.465 seconds]

‚ñ≤ [WARNING] Unable to initialize JavaScript cache storage. [plugin angular-compiler]

  /lib/x86_64-linux-gnu/libstdc++.so.6: version `GLIBCXX_3.4.29' not found (required by /home/maqthyar/d/projects/cp/mutual-fund-manager-ui/node_modules/@lmdb/lmdb-linux-x64/node.abi127.glibc.node)
  This will not affect the build output content but may result in slower builds.


19 08 2025 20:22:03.048:INFO [karma-server]: Karma v6.4.4 server started at http://localhost:9877/
19 08 2025 20:22:03.049:INFO [launcher]: Launching browsers ChromeHeadless with concurrency unlimited
19 08 2025 20:22:03.054:INFO [launcher]: Starting browser ChromeHeadless
19 08 2025 20:22:03.423:INFO [Chrome Headless 137.0.0.0 (Linux x86_64)]: Connected on socket 2z23EfLjkbEiuQ9pAAAB with id 38092159
Chrome Headless 137.0.0.0 (Linux x86_64): Executed 0 of 207 SUCCESS (0 secs / 0 secs)
[1A[2KERROR: 'Failed to load portfolios:', Error: Failed to load portfolios
Error: Failed to load portfolios
    at http://localhost:9877/base/src/app/features/portfolios/portfolio-list.component.spec.ts:158:24
    at _Observable.init [as _subscribe] (http://localhost:9877/base/node_modules/rxjs/dist/esm/internal/observable/throwError.js:5:51)
    at _Observable._trySubscribe (http://localhost:9877/base/node_modules/rxjs/dist/esm/internal/Observable.js:37:25)
    at http://localhost:9877/base/node_modules/rxjs/dist/esm/internal/Observable.js:31:30
    at errorContext (http://localhost:9877/base/node_modules/rxjs/dist/esm/internal/util/errorContext.js:19:9)
    at _Observable.subscribe (http://localhost:9877/base/node_modules/rxjs/dist/esm/internal/Observable.js:22:9)
    at PortfolioListComponent2.loadPortfolios (http://localhost:9877/base/src/app/features/portfolios/portfolio-list.component.ts:397:43)
    at PortfolioListComponent2.ngOnInit (http://localhost:9877/base/src/app/features/portfolios/portfolio-list.component.ts:392:10)
    at UserContext.<anonymous> (http://localhost:9877/base/src/app/features/portfolios/portfolio-list.component.spec.ts:161:15)
    at _ZoneDelegate.invoke (http://localhost:9877/base/node_modules/zone.js/fesm2015/zone.js:398:28)
Chrome Headless 137.0.0.0 (Linux x86_64): Executed 0 of 207 SUCCESS (0 secs / 0 secs)
ERROR: 'Failed to load portfolios:', Error: Failed to load portfolios
Error: Failed to load portfolios
    at http://localhost:9877/base/src/app/features/portfolios/portfolio-list.component.spec.ts:158:24
    at _Observable.init [as _subscribe] (http://localhost:9877/base/node_modules/rxjs/dist/esm/internal/observable/throwError.js:5:51)
    at _Observable._trySubscribe (http://localhost:9877/base/node_modules/rxjs/dist/esm/internal/Observable.js:37:25)
    at http://localhost:9877/base/node_modules/rxjs/dist/esm/internal/Observable.js:31:30
    at errorContext (http://localhost:9877/base/node_modules/rxjs/dist/esm/internal/util/errorContext.js:19:9)
    at _Observable.subscribe (http://localhost:9877/base/node_modules/rxjs/dist/esm/internal/Observable.js:22:9)
    at PortfolioListComponent2.loadPortfolios (http://localhost:9877/base/src/app/features/portfolios/portfolio-list.component.ts:397:43)
    at PortfolioListComponent2.ngOnInit (http://localhost:9877/base/src/app/features/portfolios/portfolio-list.component.ts:392:10)
    at UserContext.<anonymous> (http://localhost:9877/base/src/app/features/portfolios/portfolio-list.component.spec.ts:161:15)
    at _ZoneDelegate.invoke (http://localhost:9877/base/node_modules/zone.js/fesm2015/zone.js:398:28)
[1A[2KChrome Headless 137.0.0.0 (Linux x86_64): Executed 1 of 207 SUCCESS (0 secs / 0.376 secs)
[1A[2KChrome Headless 137.0.0.0 (Linux x86_64): Executed 2 of 207 SUCCESS (0 secs / 0.38 secs)
[1A[2KChrome Headless 137.0.0.0 (Linux x86_64): Executed 3 of 207 SUCCESS (0 secs / 0.383 secs)
[1A[2KChrome Headless 137.0.0.0 (Linux x86_64): Executed 4 of 207 SUCCESS (0 secs / 0.386 secs)
[1A[2KChrome Headless 137.0.0.0 (Linux x86_64): Executed 5 of 207 SUCCESS (0 secs / 0.39 secs)
[1A[2KChrome Headless 137.0.0.0 (Linux x86_64): Executed 6 of 207 SUCCESS (0 secs / 0.394 secs)
[1A[2KChrome Headless 137.0.0.0 (Linux x86_64): Executed 7 of 207 SUCCESS (0 secs / 0.397 secs)
[1A[2KChrome Headless 137.0.0.0 (Linux x86_64): Executed 8 of 207 SUCCESS (0 secs / 0.4 secs)
[1A[2KChrome Headless 137.0.0.0 (Linux x86_64): Executed 9 of 207 SUCCESS (0 secs / 0.403 secs)
[1A[2KChrome Headless 137.0.0.0 (Linux x86_64): Executed 10 of 207 SUCCESS (0 secs / 0.405 secs)
[1A[2KChrome Headless 137.0.0.0 (Linux x86_64): Executed 11 of 207 SUCCESS (0 secs / 0.407 secs)
[1A[2KChrome Headless 137.0.0.0 (Linux x86_64): Executed 12 of 207 SUCCESS (0 secs / 0.409 secs)
[1A[2KChrome Headless 137.0.0.0 (Linux x86_64): Executed 13 of 207 SUCCESS (0 secs / 0.412 secs)
[1A[2KChrome Headless 137.0.0.0 (Linux x86_64): Executed 14 of 207 SUCCESS (0 secs / 0.417 secs)
[1A[2KChrome Headless 137.0.0.0 (Linux x86_64): Executed 15 of 207 SUCCESS (0 secs / 0.418 secs)
[1A[2KChrome Headless 137.0.0.0 (Linux x86_64): Executed 16 of 207 SUCCESS (0 secs / 0.471 secs)
[1A[2KChrome Headless 137.0.0.0 (Linux x86_64): Executed 17 of 207 SUCCESS (0 secs / 0.476 secs)
[1A[2KChrome Headless 137.0.0.0 (Linux x86_64): Executed 18 of 207 SUCCESS (0 secs / 0.481 secs)
[1A[2KChrome Headless 137.0.0.0 (Linux x86_64): Executed 19 of 207 SUCCESS (0 secs / 0.485 secs)
[1A[2KChrome Headless 137.0.0.0 (Linux x86_64): Executed 20 of 207 SUCCESS (0 secs / 0.489 secs)
[1A[2KChrome Headless 137.0.0.0 (Linux x86_64): Executed 21 of 207 SUCCESS (0 secs / 0.493 secs)
[1A[2KChrome Headless 137.0.0.0 (Linux x86_64): Executed 22 of 207 SUCCESS (0 secs / 0.497 secs)
[1A[2KChrome Headless 137.0.0.0 (Linux x86_64): Executed 23 of 207 SUCCESS (0 secs / 0.501 secs)
[1A[2KChrome Headless 137.0.0.0 (Linux x86_64): Executed 24 of 207 SUCCESS (0 secs / 0.505 secs)
[1A[2KChrome Headless 137.0.0.0 (Linux x86_64): Executed 25 of 207 SUCCESS (0 secs / 0.509 secs)
[1A[2KChrome Headless 137.0.0.0 (Linux x86_64): Executed 26 of 207 SUCCESS (0 secs / 0.513 secs)
[1A[2KChrome Headless 137.0.0.0 (Linux x86_64): Executed 27 of 207 SUCCESS (0 secs / 0.543 secs)
[1A[2KChrome Headless 137.0.0.0 (Linux x86_64): Executed 28 of 207 SUCCESS (0 secs / 0.552 secs)
[1A[2KChrome Headless 137.0.0.0 (Linux x86_64): Executed 29 of 207 SUCCESS (0 secs / 0.561 secs)
[1A[2KChrome Headless 137.0.0.0 (Linux x86_64): Executed 30 of 207 SUCCESS (0 secs / 0.569 secs)
[1A[2KChrome Headless 137.0.0.0 (Linux x86_64): Executed 31 of 207 SUCCESS (0 secs / 0.576 secs)
[1A[2KChrome Headless 137.0.0.0 (Linux x86_64): Executed 32 of 207 SUCCESS (0 secs / 0.584 secs)
[1A[2KChrome Headless 137.0.0.0 (Linux x86_64): Executed 33 of 207 SUCCESS (0 secs / 0.591 secs)
[1A[2KChrome Headless 137.0.0.0 (Linux x86_64): Executed 34 of 207 SUCCESS (0 secs / 0.598 secs)
[1A[2KChrome Headless 137.0.0.0 (Linux x86_64): Executed 35 of 207 SUCCESS (0 secs / 0.605 secs)
[1A[2KChrome Headless 137.0.0.0 (Linux x86_64): Executed 36 of 207 SUCCESS (0 secs / 0.612 secs)
[1A[2KChrome Headless 137.0.0.0 (Linux x86_64): Executed 37 of 207 SUCCESS (0 secs / 0.619 secs)
[1A[2KChrome Headless 137.0.0.0 (Linux x86_64): Executed 38 of 207 SUCCESS (0 secs / 0.635 secs)
[1A[2KChrome Headless 137.0.0.0 (Linux x86_64): Executed 39 of 207 SUCCESS (0 secs / 0.642 secs)
[1A[2KChrome Headless 137.0.0.0 (Linux x86_64): Executed 40 of 207 SUCCESS (0 secs / 0.649 secs)
[1A[2KERROR: 'Failed to create portfolio fee:', Object{error: Object{message: 'Creation failed'}}
Chrome Headless 137.0.0.0 (Linux x86_64): Executed 40 of 207 SUCCESS (0 secs / 0.649 secs)
ERROR: 'Failed to create portfolio fee:', Object{error: Object{message: 'Creation failed'}}
[1A[2KChrome Headless 137.0.0.0 (Linux x86_64): Executed 41 of 207 SUCCESS (0 secs / 0.656 secs)
[1A[2KChrome Headless 137.0.0.0 (Linux x86_64): Executed 42 of 207 SUCCESS (0 secs / 0.658 secs)
[1A[2KChrome Headless 137.0.0.0 (Linux x86_64): Executed 43 of 207 SUCCESS (0 secs / 0.659 secs)
[1A[2KChrome Headless 137.0.0.0 (Linux x86_64): Executed 44 of 207 SUCCESS (0 secs / 0.66 secs)
[1A[2KChrome Headless 137.0.0.0 (Linux x86_64): Executed 45 of 207 SUCCESS (0 secs / 0.661 secs)
[1A[2KChrome Headless 137.0.0.0 (Linux x86_64): Executed 46 of 207 SUCCESS (0 secs / 0.662 secs)
[1A[2KChrome Headless 137.0.0.0 (Linux x86_64): Executed 47 of 207 SUCCESS (0 secs / 0.663 secs)
[1A[2KChrome Headless 137.0.0.0 (Linux x86_64) TransactionService Error Handling should handle HTTP errors for getPortfolioTransactions FAILED
	Error: Expected one matching request for criteria "Match URL: http://localhost:8080/api/transactions/portfolio/1?page=0&size=20", found none. Requests received are: GET http://localhost:8080/api/transactions/portfolio/1?page=0&size=20&userNullOnly=true.
	    at _HttpClientTestingBackend.expectOne (node_modules/@angular/common/fesm2022/http/testing.mjs:273:19)
	    at UserContext.<anonymous> (src/app/core/services/transaction.service.spec.ts:343:28)
	    at _ZoneDelegate.invoke (node_modules/zone.js/fesm2015/zone.js:398:28)
	    at _ProxyZoneSpec.onInvoke (node_modules/zone.js/fesm2015/zone-testing.js:2132:39)
	    at _ZoneDelegate.invoke (node_modules/zone.js/fesm2015/zone.js:397:34)
	    at ZoneImpl.run (node_modules/zone.js/fesm2015/zone.js:113:43)
	    at runInTestZone (node_modules/zone.js/fesm2015/zone-testing.js:216:38)
	    at UserContext.<anonymous> (node_modules/zone.js/fesm2015/zone-testing.js:234:32)
	    at <Jasmine>
	Error: Expected no open requests, found 1: GET http://localhost:8080/api/transactions/portfolio/1?page=0&size=20&userNullOnly=true
	    at _HttpClientTestingBackend.verify (node_modules/@angular/common/fesm2022/http/testing.mjs:301:19)
	    at UserContext.<anonymous> (src/app/core/services/transaction.service.spec.ts:44:14)
	    at _ZoneDelegate.invoke (node_modules/zone.js/fesm2015/zone.js:398:28)
	    at _ProxyZoneSpec.onInvoke (node_modules/zone.js/fesm2015/zone-testing.js:2132:39)
	    at _ZoneDelegate.invoke (node_modules/zone.js/fesm2015/zone.js:397:34)
	    at ZoneImpl.run (node_modules/zone.js/fesm2015/zone.js:113:43)
	    at runInTestZone (node_modules/zone.js/fesm2015/zone-testing.js:216:38)
	    at UserContext.<anonymous> (node_modules/zone.js/fesm2015/zone-testing.js:234:32)
	    at <Jasmine>
Chrome Headless 137.0.0.0 (Linux x86_64): Executed 48 of 207 (1 FAILED) (0 secs / 0.67 secs)
[1A[2KChrome Headless 137.0.0.0 (Linux x86_64): Executed 49 of 207 (1 FAILED) (0 secs / 0.671 secs)
[1A[2KChrome Headless 137.0.0.0 (Linux x86_64): Executed 50 of 207 (1 FAILED) (0 secs / 0.672 secs)
[1A[2KChrome Headless 137.0.0.0 (Linux x86_64): Executed 51 of 207 (1 FAILED) (0 secs / 0.673 secs)
[1A[2KChrome Headless 137.0.0.0 (Linux x86_64): Executed 52 of 207 (1 FAILED) (0 secs / 0.673 secs)
[1A[2KChrome Headless 137.0.0.0 (Linux x86_64): Executed 53 of 207 (1 FAILED) (0 secs / 0.674 secs)
[1A[2KChrome Headless 137.0.0.0 (Linux x86_64): Executed 54 of 207 (1 FAILED) (0 secs / 0.674 secs)
[1A[2KChrome Headless 137.0.0.0 (Linux x86_64): Executed 55 of 207 (1 FAILED) (0 secs / 0.675 secs)
[1A[2KChrome Headless 137.0.0.0 (Linux x86_64): Executed 56 of 207 (1 FAILED) (0 secs / 0.676 secs)
[1A[2KChrome Headless 137.0.0.0 (Linux x86_64): Executed 57 of 207 (1 FAILED) (0 secs / 0.69 secs)
[1A[2KChrome Headless 137.0.0.0 (Linux x86_64): Executed 58 of 207 (1 FAILED) (0 secs / 0.695 secs)
[1A[2KERROR: 'Failed to process withdrawal:', Object{error: Object{message: 'Withdrawal failed'}}
Chrome Headless 137.0.0.0 (Linux x86_64): Executed 58 of 207 (1 FAILED) (0 secs / 0.695 secs)
ERROR: 'Failed to process withdrawal:', Object{error: Object{message: 'Withdrawal failed'}}
[1A[2KChrome Headless 137.0.0.0 (Linux x86_64): Executed 59 of 207 (1 FAILED) (0 secs / 0.7 secs)
[1A[2KChrome Headless 137.0.0.0 (Linux x86_64): Executed 60 of 207 (1 FAILED) (0 secs / 0.705 secs)
[1A[2KChrome Headless 137.0.0.0 (Linux x86_64): Executed 61 of 207 (1 FAILED) (0 secs / 0.71 secs)
[1A[2KChrome Headless 137.0.0.0 (Linux x86_64): Executed 62 of 207 (1 FAILED) (0 secs / 0.715 secs)
[1A[2KChrome Headless 137.0.0.0 (Linux x86_64): Executed 63 of 207 (1 FAILED) (0 secs / 0.719 secs)
[1A[2KChrome Headless 137.0.0.0 (Linux x86_64): Executed 64 of 207 (1 FAILED) (0 secs / 0.723 secs)
[1A[2KChrome Headless 137.0.0.0 (Linux x86_64): Executed 65 of 207 (1 FAILED) (0 secs / 0.727 secs)
[1A[2KChrome Headless 137.0.0.0 (Linux x86_64): Executed 66 of 207 (1 FAILED) (0 secs / 0.732 secs)
[1A[2KChrome Headless 137.0.0.0 (Linux x86_64): Executed 67 of 207 (1 FAILED) (0 secs / 0.736 secs)
[1A[2KChrome Headless 137.0.0.0 (Linux x86_64): Executed 68 of 207 (1 FAILED) (0 secs / 0.741 secs)
[1A[2KChrome Headless 137.0.0.0 (Linux x86_64): Executed 69 of 207 (1 FAILED) (0 secs / 0.745 secs)
[1A[2KChrome Headless 137.0.0.0 (Linux x86_64): Executed 70 of 207 (1 FAILED) (0 secs / 0.745 secs)
[1A[2KChrome Headless 137.0.0.0 (Linux x86_64): Executed 71 of 207 (1 FAILED) (0 secs / 0.745 secs)
[1A[2KChrome Headless 137.0.0.0 (Linux x86_64): Executed 72 of 207 (1 FAILED) (0 secs / 0.745 secs)
[1A[2KChrome Headless 137.0.0.0 (Linux x86_64): Executed 73 of 207 (1 FAILED) (0 secs / 0.745 secs)
[1A[2KChrome Headless 137.0.0.0 (Linux x86_64): Executed 74 of 207 (1 FAILED) (0 secs / 0.746 secs)
[1A[2KChrome Headless 137.0.0.0 (Linux x86_64): Executed 75 of 207 (1 FAILED) (0 secs / 0.746 secs)
[1A[2KChrome Headless 137.0.0.0 (Linux x86_64): Executed 76 of 207 (1 FAILED) (0 secs / 0.746 secs)
[1A[2KChrome Headless 137.0.0.0 (Linux x86_64): Executed 77 of 207 (1 FAILED) (0 secs / 0.746 secs)
[1A[2KChrome Headless 137.0.0.0 (Linux x86_64): Executed 78 of 207 (1 FAILED) (0 secs / 0.746 secs)
[1A[2KChrome Headless 137.0.0.0 (Linux x86_64): Executed 79 of 207 (1 FAILED) (0 secs / 0.746 secs)
[1A[2KChrome Headless 137.0.0.0 (Linux x86_64): Executed 80 of 207 (1 FAILED) (0 secs / 0.768 secs)
[1A[2KChrome Headless 137.0.0.0 (Linux x86_64): Executed 81 of 207 (1 FAILED) (0 secs / 0.771 secs)
[1A[2KChrome Headless 137.0.0.0 (Linux x86_64): Executed 82 of 207 (1 FAILED) (0 secs / 0.773 secs)
[1A[2KChrome Headless 137.0.0.0 (Linux x86_64): Executed 83 of 207 (1 FAILED) (0 secs / 0.775 secs)
[1A[2KChrome Headless 137.0.0.0 (Linux x86_64): Executed 84 of 207 (1 FAILED) (0 secs / 0.777 secs)
[1A[2KChrome Headless 137.0.0.0 (Linux x86_64): Executed 85 of 207 (1 FAILED) (0 secs / 0.779 secs)
[1A[2KChrome Headless 137.0.0.0 (Linux x86_64): Executed 86 of 207 (1 FAILED) (0 secs / 0.781 secs)
[1A[2KChrome Headless 137.0.0.0 (Linux x86_64): Executed 87 of 207 (1 FAILED) (0 secs / 0.783 secs)
[1A[2KChrome Headless 137.0.0.0 (Linux x86_64): Executed 88 of 207 (1 FAILED) (0 secs / 0.784 secs)
[1A[2KChrome Headless 137.0.0.0 (Linux x86_64): Executed 89 of 207 (1 FAILED) (0 secs / 0.785 secs)
[1A[2KChrome Headless 137.0.0.0 (Linux x86_64): Executed 90 of 207 (1 FAILED) (0 secs / 0.817 secs)
[1A[2KChrome Headless 137.0.0.0 (Linux x86_64): Executed 91 of 207 (1 FAILED) (0 secs / 0.82 secs)
[1A[2KChrome Headless 137.0.0.0 (Linux x86_64): Executed 92 of 207 (1 FAILED) (0 secs / 0.823 secs)
[1A[2KChrome Headless 137.0.0.0 (Linux x86_64): Executed 93 of 207 (1 FAILED) (0 secs / 0.826 secs)
[1A[2KChrome Headless 137.0.0.0 (Linux x86_64): Executed 94 of 207 (1 FAILED) (0 secs / 0.829 secs)
[1A[2KChrome Headless 137.0.0.0 (Linux x86_64): Executed 95 of 207 (1 FAILED) (0 secs / 0.832 secs)
[1A[2KChrome Headless 137.0.0.0 (Linux x86_64): Executed 96 of 207 (1 FAILED) (0 secs / 0.835 secs)
[1A[2KChrome Headless 137.0.0.0 (Linux x86_64): Executed 97 of 207 (1 FAILED) (0 secs / 0.879 secs)
[1A[2KChrome Headless 137.0.0.0 (Linux x86_64): Executed 98 of 207 (1 FAILED) (0 secs / 0.885 secs)
[1A[2KChrome Headless 137.0.0.0 (Linux x86_64): Executed 99 of 207 (1 FAILED) (0 secs / 0.89 secs)
[1A[2KERROR: 'Failed to load users:', Error: Failed to load users
Error: Failed to load users
    at UserContext.<anonymous> (http://localhost:9877/base/src/app/features/portfolios/portfolio-details/add-user-to-portfolio-dialog/add-user-to-portfolio-dialog.component.spec.ts:239:19)
    at _ZoneDelegate.invoke (http://localhost:9877/base/node_modules/zone.js/fesm2015/zone.js:398:28)
    at _ProxyZoneSpec.onInvoke (http://localhost:9877/base/node_modules/zone.js/fesm2015/zone-testing.js:2132:39)
    at _ZoneDelegate.invoke (http://localhost:9877/base/node_modules/zone.js/fesm2015/zone.js:397:34)
    at ZoneImpl.run (http://localhost:9877/base/node_modules/zone.js/fesm2015/zone.js:113:43)
    at runInTestZone (http://localhost:9877/base/node_modules/zone.js/fesm2015/zone-testing.js:213:38)
    at UserContext.<anonymous> (http://localhost:9877/base/node_modules/zone.js/fesm2015/zone-testing.js:231:32)
    at ZoneQueueRunner.attempt (http://localhost:9877/absolute/home/maqthyar/d/projects/cp/mutual-fund-manager-ui/node_modules/karma-jasmine/node_modules/jasmine-core/lib/jasmine-core/jasmine.js?86d98e11f43f2c8cfac9fb4806ed6c0aced74cbe:7643:40)
    at ZoneQueueRunner.QueueRunner.run (http://localhost:9877/absolute/home/maqthyar/d/projects/cp/mutual-fund-manager-ui/node_modules/karma-jasmine/node_modules/jasmine-core/lib/jasmine-core/jasmine.js?86d98e11f43f2c8cfac9fb4806ed6c0aced74cbe:7670:27)
    at runNext (http://localhost:9877/absolute/home/maqthyar/d/projects/cp/mutual-fund-manager-ui/node_modules/karma-jasmine/node_modules/jasmine-core/lib/jasmine-core/jasmine.js?86d98e11f43f2c8cfac9fb4806ed6c0aced74cbe:7574:16)
Chrome Headless 137.0.0.0 (Linux x86_64): Executed 99 of 207 (1 FAILED) (0 secs / 0.89 secs)
ERROR: 'Failed to load users:', Error: Failed to load users
Error: Failed to load users
    at UserContext.<anonymous> (http://localhost:9877/base/src/app/features/portfolios/portfolio-details/add-user-to-portfolio-dialog/add-user-to-portfolio-dialog.component.spec.ts:239:19)
    at _ZoneDelegate.invoke (http://localhost:9877/base/node_modules/zone.js/fesm2015/zone.js:398:28)
    at _ProxyZoneSpec.onInvoke (http://localhost:9877/base/node_modules/zone.js/fesm2015/zone-testing.js:2132:39)
    at _ZoneDelegate.invoke (http://localhost:9877/base/node_modules/zone.js/fesm2015/zone.js:397:34)
    at ZoneImpl.run (http://localhost:9877/base/node_modules/zone.js/fesm2015/zone.js:113:43)
    at runInTestZone (http://localhost:9877/base/node_modules/zone.js/fesm2015/zone-testing.js:213:38)
    at UserContext.<anonymous> (http://localhost:9877/base/node_modules/zone.js/fesm2015/zone-testing.js:231:32)
    at ZoneQueueRunner.attempt (http://localhost:9877/absolute/home/maqthyar/d/projects/cp/mutual-fund-manager-ui/node_modules/karma-jasmine/node_modules/jasmine-core/lib/jasmine-core/jasmine.js?86d98e11f43f2c8cfac9fb4806ed6c0aced74cbe:7643:40)
    at ZoneQueueRunner.QueueRunner.run (http://localhost:9877/absolute/home/maqthyar/d/projects/cp/mutual-fund-manager-ui/node_modules/karma-jasmine/node_modules/jasmine-core/lib/jasmine-core/jasmine.js?86d98e11f43f2c8cfac9fb4806ed6c0aced74cbe:7670:27)
    at runNext (http://localhost:9877/absolute/home/maqthyar/d/projects/cp/mutual-fund-manager-ui/node_modules/karma-jasmine/node_modules/jasmine-core/lib/jasmine-core/jasmine.js?86d98e11f43f2c8cfac9fb4806ed6c0aced74cbe:7574:16)
[1A[2KChrome Headless 137.0.0.0 (Linux x86_64): Executed 100 of 207 (1 FAILED) (0 secs / 0.896 secs)
[1A[2KChrome Headless 137.0.0.0 (Linux x86_64): Executed 101 of 207 (1 FAILED) (0 secs / 0.901 secs)
[1A[2KChrome Headless 137.0.0.0 (Linux x86_64): Executed 102 of 207 (1 FAILED) (0 secs / 0.906 secs)
[1A[2KChrome Headless 137.0.0.0 (Linux x86_64): Executed 103 of 207 (1 FAILED) (0 secs / 0.911 secs)
[1A[2KChrome Headless 137.0.0.0 (Linux x86_64): Executed 104 of 207 (1 FAILED) (0 secs / 0.916 secs)
[1A[2KChrome Headless 137.0.0.0 (Linux x86_64): Executed 105 of 207 (1 FAILED) (0 secs / 0.921 secs)
[1A[2KChrome Headless 137.0.0.0 (Linux x86_64): Executed 106 of 207 (1 FAILED) (0 secs / 0.926 secs)
[1A[2KChrome Headless 137.0.0.0 (Linux x86_64): Executed 107 of 207 (1 FAILED) (0 secs / 0.931 secs)
[1A[2KChrome Headless 137.0.0.0 (Linux x86_64): Executed 108 of 207 (1 FAILED) (0 secs / 0.936 secs)
[1A[2KERROR: 'Failed to add user to portfolio:', Object{error: Object{message: 'Investment failed'}}
Chrome Headless 137.0.0.0 (Linux x86_64): Executed 108 of 207 (1 FAILED) (0 secs / 0.936 secs)
ERROR: 'Failed to add user to portfolio:', Object{error: Object{message: 'Investment failed'}}
[1A[2KChrome Headless 137.0.0.0 (Linux x86_64): Executed 109 of 207 (1 FAILED) (0 secs / 0.942 secs)
[1A[2KChrome Headless 137.0.0.0 (Linux x86_64): Executed 110 of 207 (1 FAILED) (0 secs / 0.947 secs)
[1A[2KChrome Headless 137.0.0.0 (Linux x86_64): Executed 111 of 207 (1 FAILED) (0 secs / 0.952 secs)
[1A[2KChrome Headless 137.0.0.0 (Linux x86_64): Executed 112 of 207 (1 FAILED) (0 secs / 0.957 secs)
[1A[2KChrome Headless 137.0.0.0 (Linux x86_64): Executed 113 of 207 (1 FAILED) (0 secs / 0.962 secs)
[1A[2KChrome Headless 137.0.0.0 (Linux x86_64): Executed 114 of 207 (1 FAILED) (0 secs / 0.967 secs)
[1A[2KChrome Headless 137.0.0.0 (Linux x86_64): Executed 115 of 207 (1 FAILED) (0 secs / 0.972 secs)
[1A[2KChrome Headless 137.0.0.0 (Linux x86_64): Executed 116 of 207 (1 FAILED) (0 secs / 0.977 secs)
[1A[2KChrome Headless 137.0.0.0 (Linux x86_64): Executed 117 of 207 (1 FAILED) (0 secs / 0.981 secs)
[1A[2KChrome Headless 137.0.0.0 (Linux x86_64): Executed 118 of 207 (1 FAILED) (0 secs / 0.985 secs)
[1A[2KChrome Headless 137.0.0.0 (Linux x86_64): Executed 119 of 207 (1 FAILED) (0 secs / 0.987 secs)
[1A[2KChrome Headless 137.0.0.0 (Linux x86_64): Executed 120 of 207 (1 FAILED) (0 secs / 0.988 secs)
[1A[2KChrome Headless 137.0.0.0 (Linux x86_64): Executed 121 of 207 (1 FAILED) (0 secs / 0.989 secs)
[1A[2KChrome Headless 137.0.0.0 (Linux x86_64): Executed 122 of 207 (1 FAILED) (0 secs / 0.99 secs)
[1A[2KChrome Headless 137.0.0.0 (Linux x86_64): Executed 123 of 207 (1 FAILED) (0 secs / 0.991 secs)
[1A[2KChrome Headless 137.0.0.0 (Linux x86_64): Executed 124 of 207 (1 FAILED) (0 secs / 0.991 secs)
[1A[2KChrome Headless 137.0.0.0 (Linux x86_64): Executed 125 of 207 (1 FAILED) (0 secs / 0.991 secs)
[1A[2KChrome Headless 137.0.0.0 (Linux x86_64): Executed 126 of 207 (1 FAILED) (0 secs / 1.021 secs)
[1A[2KChrome Headless 137.0.0.0 (Linux x86_64): Executed 127 of 207 (1 FAILED) (0 secs / 1.035 secs)
[1A[2KChrome Headless 137.0.0.0 (Linux x86_64): Executed 128 of 207 (1 FAILED) (0 secs / 1.045 secs)
[1A[2KChrome Headless 137.0.0.0 (Linux x86_64): Executed 129 of 207 (1 FAILED) (0 secs / 1.053 secs)
[1A[2KChrome Headless 137.0.0.0 (Linux x86_64): Executed 130 of 207 (1 FAILED) (0 secs / 1.061 secs)
[1A[2KChrome Headless 137.0.0.0 (Linux x86_64): Executed 131 of 207 (1 FAILED) (0 secs / 1.069 secs)
[1A[2KChrome Headless 137.0.0.0 (Linux x86_64): Executed 132 of 207 (1 FAILED) (0 secs / 1.077 secs)
[1A[2KChrome Headless 137.0.0.0 (Linux x86_64): Executed 133 of 207 (1 FAILED) (0 secs / 1.086 secs)
[1A[2KChrome Headless 137.0.0.0 (Linux x86_64): Executed 134 of 207 (1 FAILED) (0 secs / 1.096 secs)
[1A[2KERROR: 'Failed to create portfolio:', Object{error: Object{error: 'Creation failed'}}
Chrome Headless 137.0.0.0 (Linux x86_64): Executed 134 of 207 (1 FAILED) (0 secs / 1.096 secs)
ERROR: 'Failed to create portfolio:', Object{error: Object{error: 'Creation failed'}}
[1A[2KChrome Headless 137.0.0.0 (Linux x86_64): Executed 135 of 207 (1 FAILED) (0 secs / 1.106 secs)
[1A[2KChrome Headless 137.0.0.0 (Linux x86_64): Executed 136 of 207 (1 FAILED) (0 secs / 1.115 secs)
[1A[2KChrome Headless 137.0.0.0 (Linux x86_64): Executed 137 of 207 (1 FAILED) (0 secs / 1.129 secs)
[1A[2KChrome Headless 137.0.0.0 (Linux x86_64): Executed 138 of 207 (1 FAILED) (0 secs / 1.132 secs)
[1A[2KERROR: 'Failed to load holdings:', 'Network error'
Chrome Headless 137.0.0.0 (Linux x86_64): Executed 138 of 207 (1 FAILED) (0 secs / 1.132 secs)
ERROR: 'Failed to load holdings:', 'Network error'
[1A[2KChrome Headless 137.0.0.0 (Linux x86_64): Executed 139 of 207 (1 FAILED) (0 secs / 1.135 secs)
[1A[2KERROR: 'Failed to load portfolios:', 'Network error'
Chrome Headless 137.0.0.0 (Linux x86_64): Executed 139 of 207 (1 FAILED) (0 secs / 1.135 secs)
ERROR: 'Failed to load portfolios:', 'Network error'
[1A[2KChrome Headless 137.0.0.0 (Linux x86_64): Executed 140 of 207 (1 FAILED) (0 secs / 1.139 secs)
[1A[2KChrome Headless 137.0.0.0 (Linux x86_64): Executed 141 of 207 (1 FAILED) (0 secs / 1.143 secs)
[1A[2KChrome Headless 137.0.0.0 (Linux x86_64): Executed 142 of 207 (1 FAILED) (0 secs / 1.147 secs)
[1A[2KChrome Headless 137.0.0.0 (Linux x86_64): Executed 143 of 207 (1 FAILED) (0 secs / 1.151 secs)
[1A[2KChrome Headless 137.0.0.0 (Linux x86_64): Executed 144 of 207 (1 FAILED) (0 secs / 1.155 secs)
[1A[2KChrome Headless 137.0.0.0 (Linux x86_64): Executed 145 of 207 (1 FAILED) (0 secs / 1.159 secs)
[1A[2KChrome Headless 137.0.0.0 (Linux x86_64): Executed 146 of 207 (1 FAILED) (0 secs / 1.162 secs)
[1A[2KChrome Headless 137.0.0.0 (Linux x86_64): Executed 147 of 207 (1 FAILED) (0 secs / 1.165 secs)
[1A[2KChrome Headless 137.0.0.0 (Linux x86_64): Executed 148 of 207 (1 FAILED) (0 secs / 1.169 secs)
[1A[2KChrome Headless 137.0.0.0 (Linux x86_64): Executed 149 of 207 (1 FAILED) (0 secs / 1.172 secs)
[1A[2KChrome Headless 137.0.0.0 (Linux x86_64): Executed 150 of 207 (1 FAILED) (0 secs / 1.176 secs)
[1A[2KChrome Headless 137.0.0.0 (Linux x86_64): Executed 151 of 207 (1 FAILED) (0 secs / 1.18 secs)
[1A[2KERROR: 'Failed to update price:', 'API Error'
Chrome Headless 137.0.0.0 (Linux x86_64): Executed 151 of 207 (1 FAILED) (0 secs / 1.18 secs)
ERROR: 'Failed to update price:', 'API Error'
[1A[2KChrome Headless 137.0.0.0 (Linux x86_64): Executed 152 of 207 (1 FAILED) (0 secs / 1.184 secs)
[1A[2KChrome Headless 137.0.0.0 (Linux x86_64): Executed 153 of 207 (1 FAILED) (0 secs / 1.188 secs)
[1A[2KChrome Headless 137.0.0.0 (Linux x86_64): Executed 154 of 207 (1 FAILED) (0 secs / 1.191 secs)
[1A[2KChrome Headless 137.0.0.0 (Linux x86_64): Executed 155 of 207 (1 FAILED) (0 secs / 3.296 secs)
[1A[2KChrome Headless 137.0.0.0 (Linux x86_64): Executed 156 of 207 (1 FAILED) (0 secs / 3.303 secs)
[1A[2KChrome Headless 137.0.0.0 (Linux x86_64): Executed 157 of 207 (1 FAILED) (0 secs / 3.32 secs)
[1A[2KERROR: 'Failed to update all prices:', Object{}
Chrome Headless 137.0.0.0 (Linux x86_64): Executed 157 of 207 (1 FAILED) (0 secs / 3.32 secs)
ERROR: 'Failed to update all prices:', Object{}
[1A[2KChrome Headless 137.0.0.0 (Linux x86_64): Executed 158 of 207 (1 FAILED) (0 secs / 3.326 secs)
[1A[2KChrome Headless 137.0.0.0 (Linux x86_64): Executed 159 of 207 (1 FAILED) (0 secs / 3.333 secs)
[1A[2KERROR: 'Failed to update all prices:', Object{error: Object{message: 'API Error'}}
Chrome Headless 137.0.0.0 (Linux x86_64): Executed 159 of 207 (1 FAILED) (0 secs / 3.333 secs)
ERROR: 'Failed to update all prices:', Object{error: Object{message: 'API Error'}}
[1A[2KChrome Headless 137.0.0.0 (Linux x86_64): Executed 160 of 207 (1 FAILED) (0 secs / 3.338 secs)
[1A[2KERROR: 'Failed to update all prices:', Object{message: 'Network error'}
Chrome Headless 137.0.0.0 (Linux x86_64): Executed 160 of 207 (1 FAILED) (0 secs / 3.338 secs)
ERROR: 'Failed to update all prices:', Object{message: 'Network error'}
[1A[2KChrome Headless 137.0.0.0 (Linux x86_64): Executed 161 of 207 (1 FAILED) (0 secs / 3.343 secs)
[1A[2KChrome Headless 137.0.0.0 (Linux x86_64): Executed 162 of 207 (1 FAILED) (0 secs / 3.347 secs)
[1A[2KChrome Headless 137.0.0.0 (Linux x86_64): Executed 163 of 207 (1 FAILED) (0 secs / 3.35 secs)
[1A[2KChrome Headless 137.0.0.0 (Linux x86_64): Executed 164 of 207 (1 FAILED) (0 secs / 3.371 secs)
[1A[2KERROR: 'Failed to load stock price:', Error: API Error
Error: API Error
    at http://localhost:9877/base/src/app/features/holdings/buy-shares-dialog/buy-shares-dialog.component.spec.ts:124:69
    at _Observable.init [as _subscribe] (http://localhost:9877/base/node_modules/rxjs/dist/esm/internal/observable/throwError.js:5:51)
    at _Observable._trySubscribe (http://localhost:9877/base/node_modules/rxjs/dist/esm/internal/Observable.js:37:25)
    at http://localhost:9877/base/node_modules/rxjs/dist/esm/internal/Observable.js:31:30
    at errorContext (http://localhost:9877/base/node_modules/rxjs/dist/esm/internal/util/errorContext.js:19:9)
    at _Observable.subscribe (http://localhost:9877/base/node_modules/rxjs/dist/esm/internal/Observable.js:22:9)
    at BuySharesDialogComponent2.loadStockPrice (http://localhost:9877/base/src/app/features/holdings/buy-shares-dialog/buy-shares-dialog.component.ts:426:45)
    at BuySharesDialogComponent2.onStockSelected (http://localhost:9877/base/src/app/features/holdings/buy-shares-dialog/buy-shares-dialog.component.ts:421:10)
    at UserContext.<anonymous> (http://localhost:9877/base/src/app/features/holdings/buy-shares-dialog/buy-shares-dialog.component.spec.ts:126:15)
    at _ZoneDelegate.invoke (http://localhost:9877/base/node_modules/zone.js/fesm2015/zone.js:398:28)
Chrome Headless 137.0.0.0 (Linux x86_64): Executed 164 of 207 (1 FAILED) (0 secs / 3.371 secs)
ERROR: 'Failed to load stock price:', Error: API Error
Error: API Error
    at http://localhost:9877/base/src/app/features/holdings/buy-shares-dialog/buy-shares-dialog.component.spec.ts:124:69
    at _Observable.init [as _subscribe] (http://localhost:9877/base/node_modules/rxjs/dist/esm/internal/observable/throwError.js:5:51)
    at _Observable._trySubscribe (http://localhost:9877/base/node_modules/rxjs/dist/esm/internal/Observable.js:37:25)
    at http://localhost:9877/base/node_modules/rxjs/dist/esm/internal/Observable.js:31:30
    at errorContext (http://localhost:9877/base/node_modules/rxjs/dist/esm/internal/util/errorContext.js:19:9)
    at _Observable.subscribe (http://localhost:9877/base/node_modules/rxjs/dist/esm/internal/Observable.js:22:9)
    at BuySharesDialogComponent2.loadStockPrice (http://localhost:9877/base/src/app/features/holdings/buy-shares-dialog/buy-shares-dialog.component.ts:426:45)
    at BuySharesDialogComponent2.onStockSelected (http://localhost:9877/base/src/app/features/holdings/buy-shares-dialog/buy-shares-dialog.component.ts:421:10)
    at UserContext.<anonymous> (http://localhost:9877/base/src/app/features/holdings/buy-shares-dialog/buy-shares-dialog.component.spec.ts:126:15)
    at _ZoneDelegate.invoke (http://localhost:9877/base/node_modules/zone.js/fesm2015/zone.js:398:28)
[1A[2KChrome Headless 137.0.0.0 (Linux x86_64): Executed 165 of 207 (1 FAILED) (0 secs / 3.381 secs)
[1A[2KChrome Headless 137.0.0.0 (Linux x86_64): Executed 166 of 207 (1 FAILED) (0 secs / 3.384 secs)
[1A[2KChrome Headless 137.0.0.0 (Linux x86_64): Executed 167 of 207 (1 FAILED) (0 secs / 3.388 secs)
[1A[2KERROR: 'Failed to buy shares:', Error: API Error
Error: API Error
    at http://localhost:9877/base/src/app/features/holdings/buy-shares-dialog/buy-shares-dialog.component.spec.ts:253:65
    at _Observable.init [as _subscribe] (http://localhost:9877/base/node_modules/rxjs/dist/esm/internal/observable/throwError.js:5:51)
    at _Observable._trySubscribe (http://localhost:9877/base/node_modules/rxjs/dist/esm/internal/Observable.js:37:25)
    at http://localhost:9877/base/node_modules/rxjs/dist/esm/internal/Observable.js:31:30
    at errorContext (http://localhost:9877/base/node_modules/rxjs/dist/esm/internal/util/errorContext.js:19:9)
    at _Observable.subscribe (http://localhost:9877/base/node_modules/rxjs/dist/esm/internal/Observable.js:22:9)
    at BuySharesDialogComponent2.onBuy (http://localhost:9877/base/src/app/features/holdings/buy-shares-dialog/buy-shares-dialog.component.ts:503:70)
    at UserContext.<anonymous> (http://localhost:9877/base/src/app/features/holdings/buy-shares-dialog/buy-shares-dialog.component.spec.ts:261:15)
    at _ZoneDelegate.invoke (http://localhost:9877/base/node_modules/zone.js/fesm2015/zone.js:398:28)
    at _ProxyZoneSpec.onInvoke (http://localhost:9877/base/node_modules/zone.js/fesm2015/zone-testing.js:2132:39)
Chrome Headless 137.0.0.0 (Linux x86_64): Executed 167 of 207 (1 FAILED) (0 secs / 3.388 secs)
ERROR: 'Failed to buy shares:', Error: API Error
Error: API Error
    at http://localhost:9877/base/src/app/features/holdings/buy-shares-dialog/buy-shares-dialog.component.spec.ts:253:65
    at _Observable.init [as _subscribe] (http://localhost:9877/base/node_modules/rxjs/dist/esm/internal/observable/throwError.js:5:51)
    at _Observable._trySubscribe (http://localhost:9877/base/node_modules/rxjs/dist/esm/internal/Observable.js:37:25)
    at http://localhost:9877/base/node_modules/rxjs/dist/esm/internal/Observable.js:31:30
    at errorContext (http://localhost:9877/base/node_modules/rxjs/dist/esm/internal/util/errorContext.js:19:9)
    at _Observable.subscribe (http://localhost:9877/base/node_modules/rxjs/dist/esm/internal/Observable.js:22:9)
    at BuySharesDialogComponent2.onBuy (http://localhost:9877/base/src/app/features/holdings/buy-shares-dialog/buy-shares-dialog.component.ts:503:70)
    at UserContext.<anonymous> (http://localhost:9877/base/src/app/features/holdings/buy-shares-dialog/buy-shares-dialog.component.spec.ts:261:15)
    at _ZoneDelegate.invoke (http://localhost:9877/base/node_modules/zone.js/fesm2015/zone.js:398:28)
    at _ProxyZoneSpec.onInvoke (http://localhost:9877/base/node_modules/zone.js/fesm2015/zone-testing.js:2132:39)
[1A[2KChrome Headless 137.0.0.0 (Linux x86_64): Executed 168 of 207 (1 FAILED) (0 secs / 3.391 secs)
[1A[2KChrome Headless 137.0.0.0 (Linux x86_64): Executed 169 of 207 (1 FAILED) (0 secs / 3.393 secs)
[1A[2KChrome Headless 137.0.0.0 (Linux x86_64): Executed 170 of 207 (1 FAILED) (0 secs / 3.395 secs)
[1A[2KChrome Headless 137.0.0.0 (Linux x86_64): Executed 171 of 207 (1 FAILED) (0 secs / 3.397 secs)
[1A[2KChrome Headless 137.0.0.0 (Linux x86_64): Executed 172 of 207 (1 FAILED) (0 secs / 3.399 secs)
[1A[2KChrome Headless 137.0.0.0 (Linux x86_64): Executed 173 of 207 (1 FAILED) (0 secs / 3.401 secs)
[1A[2KChrome Headless 137.0.0.0 (Linux x86_64): Executed 174 of 207 (1 FAILED) (0 secs / 3.404 secs)
[1A[2KChrome Headless 137.0.0.0 (Linux x86_64): Executed 175 of 207 (1 FAILED) (0 secs / 3.406 secs)
[1A[2KChrome Headless 137.0.0.0 (Linux x86_64): Executed 176 of 207 (1 FAILED) (0 secs / 3.409 secs)
[1A[2KChrome Headless 137.0.0.0 (Linux x86_64): Executed 177 of 207 (1 FAILED) (0 secs / 3.412 secs)
[1A[2KChrome Headless 137.0.0.0 (Linux x86_64): Executed 178 of 207 (1 FAILED) (0 secs / 3.416 secs)
[1A[2KChrome Headless 137.0.0.0 (Linux x86_64): Executed 179 of 207 (1 FAILED) (0 secs / 3.419 secs)
[1A[2KChrome Headless 137.0.0.0 (Linux x86_64): Executed 180 of 207 (1 FAILED) (0 secs / 3.422 secs)
[1A[2KChrome Headless 137.0.0.0 (Linux x86_64): Executed 181 of 207 (1 FAILED) (0 secs / 3.426 secs)
[1A[2KChrome Headless 137.0.0.0 (Linux x86_64): Executed 182 of 207 (1 FAILED) (0 secs / 3.432 secs)
[1A[2KChrome Headless 137.0.0.0 (Linux x86_64): Executed 183 of 207 (1 FAILED) (0 secs / 3.438 secs)
[1A[2KChrome Headless 137.0.0.0 (Linux x86_64): Executed 184 of 207 (1 FAILED) (0 secs / 3.44 secs)
[1A[2KChrome Headless 137.0.0.0 (Linux x86_64): Executed 185 of 207 (1 FAILED) (0 secs / 3.443 secs)
[1A[2KChrome Headless 137.0.0.0 (Linux x86_64): Executed 186 of 207 (1 FAILED) (0 secs / 3.446 secs)
[1A[2KChrome Headless 137.0.0.0 (Linux x86_64): Executed 187 of 207 (1 FAILED) (0 secs / 3.449 secs)
[1A[2KChrome Headless 137.0.0.0 (Linux x86_64): Executed 188 of 207 (1 FAILED) (0 secs / 3.452 secs)
[1A[2KChrome Headless 137.0.0.0 (Linux x86_64): Executed 189 of 207 (1 FAILED) (0 secs / 3.454 secs)
[1A[2KChrome Headless 137.0.0.0 (Linux x86_64): Executed 190 of 207 (1 FAILED) (0 secs / 3.465 secs)
[1A[2KChrome Headless 137.0.0.0 (Linux x86_64): Executed 191 of 207 (1 FAILED) (0 secs / 3.472 secs)
[1A[2KChrome Headless 137.0.0.0 (Linux x86_64): Executed 192 of 207 (1 FAILED) (0 secs / 3.48 secs)
[1A[2KChrome Headless 137.0.0.0 (Linux x86_64): Executed 193 of 207 (1 FAILED) (0 secs / 3.487 secs)
[1A[2KChrome Headless 137.0.0.0 (Linux x86_64): Executed 194 of 207 (1 FAILED) (0 secs / 3.494 secs)
[1A[2KChrome Headless 137.0.0.0 (Linux x86_64) TransactionsListComponent Utility Methods should return correct color for transaction types FAILED
	Expected 'accent' to be 'success'.
	    at <Jasmine>
	    at UserContext.<anonymous> (src/app/features/transactions/transactions-list/transactions-list.component.spec.ts:333:75)
	    at _ZoneDelegate.invoke (node_modules/zone.js/fesm2015/zone.js:398:28)
	    at _ProxyZoneSpec.onInvoke (node_modules/zone.js/fesm2015/zone-testing.js:2132:39)
	    at _ZoneDelegate.invoke (node_modules/zone.js/fesm2015/zone.js:397:34)
	Expected 'accent' to be 'warn'.
	    at <Jasmine>
	    at UserContext.<anonymous> (src/app/features/transactions/transactions-list/transactions-list.component.spec.ts:336:77)
	    at _ZoneDelegate.invoke (node_modules/zone.js/fesm2015/zone.js:398:28)
	    at _ProxyZoneSpec.onInvoke (node_modules/zone.js/fesm2015/zone-testing.js:2132:39)
	    at _ZoneDelegate.invoke (node_modules/zone.js/fesm2015/zone.js:397:34)
Chrome Headless 137.0.0.0 (Linux x86_64): Executed 195 of 207 (2 FAILED) (0 secs / 3.501 secs)
[1A[2KChrome Headless 137.0.0.0 (Linux x86_64): Executed 196 of 207 (2 FAILED) (0 secs / 3.508 secs)
[1A[2KChrome Headless 137.0.0.0 (Linux x86_64): Executed 197 of 207 (2 FAILED) (0 secs / 3.515 secs)
[1A[2KChrome Headless 137.0.0.0 (Linux x86_64): Executed 198 of 207 (2 FAILED) (0 secs / 3.523 secs)
[1A[2KChrome Headless 137.0.0.0 (Linux x86_64): Executed 199 of 207 (2 FAILED) (0 secs / 3.535 secs)
[1A[2KChrome Headless 137.0.0.0 (Linux x86_64): Executed 200 of 207 (2 FAILED) (0 secs / 3.542 secs)
[1A[2KChrome Headless 137.0.0.0 (Linux x86_64): Executed 201 of 207 (2 FAILED) (0 secs / 3.551 secs)
[1A[2KChrome Headless 137.0.0.0 (Linux x86_64): Executed 202 of 207 (2 FAILED) (0 secs / 3.558 secs)
[1A[2KChrome Headless 137.0.0.0 (Linux x86_64): Executed 203 of 207 (2 FAILED) (0 secs / 3.565 secs)
[1A[2KChrome Headless 137.0.0.0 (Linux x86_64): Executed 204 of 207 (2 FAILED) (0 secs / 3.572 secs)
[1A[2KChrome Headless 137.0.0.0 (Linux x86_64): Executed 205 of 207 (2 FAILED) (0 secs / 3.58 secs)
[1A[2KChrome Headless 137.0.0.0 (Linux x86_64) TransactionsListComponent Component Initialization should remove portfolio column when viewType is portfolio FAILED
	TypeError: Cannot read properties of undefined (reading 'subscribe')
	    at TransactionsListComponent2.loadPortfolioUsers (src/app/features/transactions/transactions-list/transactions-list.component.ts:413:68)
	    at TransactionsListComponent2.ngOnInit (src/app/features/transactions/transactions-list/transactions-list.component.ts:95:12)
	    at UserContext.<anonymous> (src/app/features/transactions/transactions-list/transactions-list.component.spec.ts:116:17)
	    at _ZoneDelegate.invoke (node_modules/zone.js/fesm2015/zone.js:398:28)
	    at _ProxyZoneSpec.onInvoke (node_modules/zone.js/fesm2015/zone-testing.js:2132:39)
	    at _ZoneDelegate.invoke (node_modules/zone.js/fesm2015/zone.js:397:34)
	    at ZoneImpl.run (node_modules/zone.js/fesm2015/zone.js:113:43)
	    at runInTestZone (node_modules/zone.js/fesm2015/zone-testing.js:216:38)
	    at UserContext.<anonymous> (node_modules/zone.js/fesm2015/zone-testing.js:234:32)
	    at <Jasmine>
Chrome Headless 137.0.0.0 (Linux x86_64): Executed 206 of 207 (3 FAILED) (0 secs / 3.597 secs)
[1A[2KChrome Headless 137.0.0.0 (Linux x86_64) TransactionsListComponent Component Initialization should keep portfolio column when viewType is user FAILED
	Expected [ 'date', 'type', 'symbol', 'units', 'nav', 'cash', 'net', 'description', 'createdBy', 'expand' ] to contain 'portfolio'.
	    at <Jasmine>
	    at UserContext.<anonymous> (src/app/features/transactions/transactions-list/transactions-list.component.spec.ts:128:42)
	    at _ZoneDelegate.invoke (node_modules/zone.js/fesm2015/zone.js:398:28)
	    at _ProxyZoneSpec.onInvoke (node_modules/zone.js/fesm2015/zone-testing.js:2132:39)
	    at _ZoneDelegate.invoke (node_modules/zone.js/fesm2015/zone.js:397:34)
Chrome Headless 137.0.0.0 (Linux x86_64): Executed 207 of 207 (4 FAILED) (0 secs / 3.605 secs)
[1A[2KChrome Headless 137.0.0.0 (Linux x86_64): Executed 207 of 207 (4 FAILED) (3.753 secs / 3.605 secs)
TOTAL: 4 FAILED, 203 SUCCESS
